<?xml version="1.0" encoding="UTF-8"?>
<!-- Generated by org.testng.reporters.JUnitReportReporter -->
<testsuite hostname="DESKTOP-8T8S9A5" name="Org.Genric.Demo" tests="1" failures="0" timestamp="23 Apr 2021 05:14:40 GMT" time="0.013" errors="0">
  <testcase name="read" time="0.013" classname="Org.Genric.Demo"/>
</testsuite> <!-- Org.Genric.Demo -->
